<?xml version="1.0" encoding="UTF-8"?>
<!-- Generated by org.testng.reporters.JUnitReportReporter -->
<testsuite hostname="ASUS_VIVOBOOK" failures="0" tests="1" name="com.myecommerceproject.testcases.OrderConfirmationPageTest" time="19.166" errors="0" timestamp="2025-07-21T11:25:22 IST" skipped="0">
  <testcase classname="com.myecommerceproject.testcases.OrderConfirmationPageTest" name="verifyOrderConfirmationMessage" time="19.166"/>
</testsuite> <!-- com.myecommerceproject.testcases.OrderConfirmationPageTest -->
