<?xml version="1.0" encoding="UTF-8"?>
<!-- Generated by org.testng.reporters.JUnitReportReporter -->
<testsuite hostname="ASUS_VIVOBOOK" failures="0" tests="2" name="com.myecommerceproject.testcases.LoginPageTest" time="8.175" errors="0" timestamp="2025-07-19T21:32:54 IST" skipped="0">
  <testcase classname="com.myecommerceproject.testcases.LoginPageTest" name="loginToMyEcommerce" time="4.293"/>
  <testcase classname="com.myecommerceproject.testcases.LoginPageTest" name="verifyLoginPage" time="3.882"/>
</testsuite> <!-- com.myecommerceproject.testcases.LoginPageTest -->
