<?xml version="1.0" encoding="UTF-8"?>
<!-- Generated by org.testng.reporters.JUnitReportReporter -->
<testsuite hostname="ASUS_VIVOBOOK" failures="0" tests="1" name="com.myecommerceproject.testcases.HomePageTest" time="9.799" errors="0" timestamp="2025-07-19T21:45:42 IST" skipped="0">
  <testcase classname="com.myecommerceproject.testcases.HomePageTest" name="enterProductNameInSearchField" time="9.799"/>
</testsuite> <!-- com.myecommerceproject.testcases.HomePageTest -->
