<?xml version="1.0" encoding="UTF-8"?>
<!-- Generated by org.testng.reporters.JUnitReportReporter -->
<testsuite hostname="ASUS_VIVOBOOK" failures="0" tests="1" name="com.myecommerceproject.testcases.PaymentPageTest" time="28.308" errors="0" timestamp="2025-07-21T10:51:51 IST" skipped="0">
  <testcase classname="com.myecommerceproject.testcases.PaymentPageTest" name="selectCountry" time="28.308"/>
</testsuite> <!-- com.myecommerceproject.testcases.PaymentPageTest -->
