<?xml version="1.0" encoding="UTF-8"?>
<!-- Generated by org.testng.reporters.JUnitReportReporter -->
<testsuite hostname="ASUS_VIVOBOOK" failures="0" tests="1" name="com.myecommerceproject.testcases.CartPageTest" time="23.766" errors="0" timestamp="2025-07-21T10:47:46 IST" skipped="0">
  <testcase classname="com.myecommerceproject.testcases.CartPageTest" name="goToCartPageTest" time="23.766"/>
</testsuite> <!-- com.myecommerceproject.testcases.CartPageTest -->
